<?xml version="1.0" encoding="UTF-8"?>
<testsuite xmlns:xsi="http://www.w3.org/2001/XMLSchema-instance" xsi:noNamespaceSchemaLocation="https://maven.apache.org/surefire/maven-surefire-plugin/xsd/surefire-test-report.xsd" name="com.nagu.nagu.NaguApplicationTests" time="10.758" tests="1" errors="0" skipped="0" failures="0">
  <properties>
    <property name="sun.desktop" value="windows"/>
    <property name="awt.toolkit" value="sun.awt.windows.WToolkit"/>
    <property name="file.encoding.pkg" value="sun.io"/>
    <property name="java.specification.version" value="1.8"/>
    <property name="sun.cpu.isalist" value="amd64"/>
    <property name="sun.jnu.encoding" value="Cp1252"/>
    <property name="java.class.path" value="C:\Users\knageswarar2\Downloads\nagu\nagu\target\test-classes;C:\Users\knageswarar2\Downloads\nagu\nagu\target\classes;C:\LocalRepo\org\springframework\boot\spring-boot-starter-web\2.1.5.RELEASE\spring-boot-starter-web-2.1.5.RELEASE.jar;C:\LocalRepo\org\springframework\boot\spring-boot-starter\2.1.5.RELEASE\spring-boot-starter-2.1.5.RELEASE.jar;C:\LocalRepo\org\springframework\boot\spring-boot-starter-logging\2.1.5.RELEASE\spring-boot-starter-logging-2.1.5.RELEASE.jar;C:\LocalRepo\ch\qos\logback\logback-classic\1.2.3\logback-classic-1.2.3.jar;C:\LocalRepo\ch\qos\logback\logback-core\1.2.3\logback-core-1.2.3.jar;C:\LocalRepo\org\apache\logging\log4j\log4j-to-slf4j\2.11.2\log4j-to-slf4j-2.11.2.jar;C:\LocalRepo\org\apache\logging\log4j\log4j-api\2.11.2\log4j-api-2.11.2.jar;C:\LocalRepo\org\slf4j\jul-to-slf4j\1.7.26\jul-to-slf4j-1.7.26.jar;C:\LocalRepo\javax\annotation\javax.annotation-api\1.3.2\javax.annotation-api-1.3.2.jar;C:\LocalRepo\org\yaml\snakeyaml\1.23\snakeyaml-1.23.jar;C:\LocalRepo\org\springframework\boot\spring-boot-starter-json\2.1.5.RELEASE\spring-boot-starter-json-2.1.5.RELEASE.jar;C:\LocalRepo\com\fasterxml\jackson\core\jackson-databind\2.9.8\jackson-databind-2.9.8.jar;C:\LocalRepo\com\fasterxml\jackson\core\jackson-annotations\2.9.0\jackson-annotations-2.9.0.jar;C:\LocalRepo\com\fasterxml\jackson\core\jackson-core\2.9.8\jackson-core-2.9.8.jar;C:\LocalRepo\com\fasterxml\jackson\datatype\jackson-datatype-jdk8\2.9.8\jackson-datatype-jdk8-2.9.8.jar;C:\LocalRepo\com\fasterxml\jackson\datatype\jackson-datatype-jsr310\2.9.8\jackson-datatype-jsr310-2.9.8.jar;C:\LocalRepo\com\fasterxml\jackson\module\jackson-module-parameter-names\2.9.8\jackson-module-parameter-names-2.9.8.jar;C:\LocalRepo\org\springframework\boot\spring-boot-starter-tomcat\2.1.5.RELEASE\spring-boot-starter-tomcat-2.1.5.RELEASE.jar;C:\LocalRepo\org\apache\tomcat\embed\tomcat-embed-core\9.0.19\tomcat-embed-core-9.0.19.jar;C:\LocalRepo\org\apache\tomcat\embed\tomcat-embed-el\9.0.19\tomcat-embed-el-9.0.19.jar;C:\LocalRepo\org\apache\tomcat\embed\tomcat-embed-websocket\9.0.19\tomcat-embed-websocket-9.0.19.jar;C:\LocalRepo\org\hibernate\validator\hibernate-validator\6.0.16.Final\hibernate-validator-6.0.16.Final.jar;C:\LocalRepo\javax\validation\validation-api\2.0.1.Final\validation-api-2.0.1.Final.jar;C:\LocalRepo\org\jboss\logging\jboss-logging\3.3.2.Final\jboss-logging-3.3.2.Final.jar;C:\LocalRepo\com\fasterxml\classmate\1.4.0\classmate-1.4.0.jar;C:\LocalRepo\org\springframework\spring-web\5.1.7.RELEASE\spring-web-5.1.7.RELEASE.jar;C:\LocalRepo\org\springframework\spring-beans\5.1.7.RELEASE\spring-beans-5.1.7.RELEASE.jar;C:\LocalRepo\org\springframework\spring-webmvc\5.1.7.RELEASE\spring-webmvc-5.1.7.RELEASE.jar;C:\LocalRepo\org\springframework\spring-aop\5.1.7.RELEASE\spring-aop-5.1.7.RELEASE.jar;C:\LocalRepo\org\springframework\spring-context\5.1.7.RELEASE\spring-context-5.1.7.RELEASE.jar;C:\LocalRepo\org\springframework\spring-expression\5.1.7.RELEASE\spring-expression-5.1.7.RELEASE.jar;C:\LocalRepo\org\springframework\boot\spring-boot-devtools\2.1.5.RELEASE\spring-boot-devtools-2.1.5.RELEASE.jar;C:\LocalRepo\org\springframework\boot\spring-boot\2.1.5.RELEASE\spring-boot-2.1.5.RELEASE.jar;C:\LocalRepo\org\springframework\boot\spring-boot-autoconfigure\2.1.5.RELEASE\spring-boot-autoconfigure-2.1.5.RELEASE.jar;C:\LocalRepo\org\springframework\boot\spring-boot-starter-test\2.1.5.RELEASE\spring-boot-starter-test-2.1.5.RELEASE.jar;C:\LocalRepo\org\springframework\boot\spring-boot-test\2.1.5.RELEASE\spring-boot-test-2.1.5.RELEASE.jar;C:\LocalRepo\org\springframework\boot\spring-boot-test-autoconfigure\2.1.5.RELEASE\spring-boot-test-autoconfigure-2.1.5.RELEASE.jar;C:\LocalRepo\com\jayway\jsonpath\json-path\2.4.0\json-path-2.4.0.jar;C:\LocalRepo\net\minidev\json-smart\2.3\json-smart-2.3.jar;C:\LocalRepo\net\minidev\accessors-smart\1.2\accessors-smart-1.2.jar;C:\LocalRepo\org\ow2\asm\asm\5.0.4\asm-5.0.4.jar;C:\LocalRepo\org\slf4j\slf4j-api\1.7.26\slf4j-api-1.7.26.jar;C:\LocalRepo\junit\junit\4.12\junit-4.12.jar;C:\LocalRepo\org\assertj\assertj-core\3.11.1\assertj-core-3.11.1.jar;C:\LocalRepo\org\mockito\mockito-core\2.23.4\mockito-core-2.23.4.jar;C:\LocalRepo\net\bytebuddy\byte-buddy\1.9.12\byte-buddy-1.9.12.jar;C:\LocalRepo\net\bytebuddy\byte-buddy-agent\1.9.12\byte-buddy-agent-1.9.12.jar;C:\LocalRepo\org\objenesis\objenesis\2.6\objenesis-2.6.jar;C:\LocalRepo\org\hamcrest\hamcrest-core\1.3\hamcrest-core-1.3.jar;C:\LocalRepo\org\hamcrest\hamcrest-library\1.3\hamcrest-library-1.3.jar;C:\LocalRepo\org\skyscreamer\jsonassert\1.5.0\jsonassert-1.5.0.jar;C:\LocalRepo\com\vaadin\external\google\android-json\0.0.20131108.vaadin1\android-json-0.0.20131108.vaadin1.jar;C:\LocalRepo\org\springframework\spring-core\5.1.7.RELEASE\spring-core-5.1.7.RELEASE.jar;C:\LocalRepo\org\springframework\spring-jcl\5.1.7.RELEASE\spring-jcl-5.1.7.RELEASE.jar;C:\LocalRepo\org\springframework\spring-test\5.1.7.RELEASE\spring-test-5.1.7.RELEASE.jar;C:\LocalRepo\org\xmlunit\xmlunit-core\2.6.2\xmlunit-core-2.6.2.jar;"/>
    <property name="java.vm.vendor" value="Oracle Corporation"/>
    <property name="sun.arch.data.model" value="64"/>
    <property name="user.variant" value=""/>
    <property name="java.vendor.url" value="http://java.oracle.com/"/>
    <property name="user.timezone" value="Asia/Calcutta"/>
    <property name="java.vm.specification.version" value="1.8"/>
    <property name="os.name" value="Windows 10"/>
    <property name="user.country" value="US"/>
    <property name="sun.java.launcher" value="SUN_STANDARD"/>
    <property name="sun.boot.library.path" value="C:\Program Files\Java\jdk1.8.0_181\jre\bin"/>
    <property name="sun.java.command" value="C:\Users\knageswarar2\AppData\Local\Temp\surefire7449310130861595917\surefirebooter1843059847585063091.jar C:\Users\knageswarar2\AppData\Local\Temp\surefire7449310130861595917 2019-05-27T20-01-52_161-jvmRun1 surefire3271351310202264469tmp surefire_06453398079949181761tmp"/>
    <property name="surefire.test.class.path" value="C:\Users\knageswarar2\Downloads\nagu\nagu\target\test-classes;C:\Users\knageswarar2\Downloads\nagu\nagu\target\classes;C:\LocalRepo\org\springframework\boot\spring-boot-starter-web\2.1.5.RELEASE\spring-boot-starter-web-2.1.5.RELEASE.jar;C:\LocalRepo\org\springframework\boot\spring-boot-starter\2.1.5.RELEASE\spring-boot-starter-2.1.5.RELEASE.jar;C:\LocalRepo\org\springframework\boot\spring-boot-starter-logging\2.1.5.RELEASE\spring-boot-starter-logging-2.1.5.RELEASE.jar;C:\LocalRepo\ch\qos\logback\logback-classic\1.2.3\logback-classic-1.2.3.jar;C:\LocalRepo\ch\qos\logback\logback-core\1.2.3\logback-core-1.2.3.jar;C:\LocalRepo\org\apache\logging\log4j\log4j-to-slf4j\2.11.2\log4j-to-slf4j-2.11.2.jar;C:\LocalRepo\org\apache\logging\log4j\log4j-api\2.11.2\log4j-api-2.11.2.jar;C:\LocalRepo\org\slf4j\jul-to-slf4j\1.7.26\jul-to-slf4j-1.7.26.jar;C:\LocalRepo\javax\annotation\javax.annotation-api\1.3.2\javax.annotation-api-1.3.2.jar;C:\LocalRepo\org\yaml\snakeyaml\1.23\snakeyaml-1.23.jar;C:\LocalRepo\org\springframework\boot\spring-boot-starter-json\2.1.5.RELEASE\spring-boot-starter-json-2.1.5.RELEASE.jar;C:\LocalRepo\com\fasterxml\jackson\core\jackson-databind\2.9.8\jackson-databind-2.9.8.jar;C:\LocalRepo\com\fasterxml\jackson\core\jackson-annotations\2.9.0\jackson-annotations-2.9.0.jar;C:\LocalRepo\com\fasterxml\jackson\core\jackson-core\2.9.8\jackson-core-2.9.8.jar;C:\LocalRepo\com\fasterxml\jackson\datatype\jackson-datatype-jdk8\2.9.8\jackson-datatype-jdk8-2.9.8.jar;C:\LocalRepo\com\fasterxml\jackson\datatype\jackson-datatype-jsr310\2.9.8\jackson-datatype-jsr310-2.9.8.jar;C:\LocalRepo\com\fasterxml\jackson\module\jackson-module-parameter-names\2.9.8\jackson-module-parameter-names-2.9.8.jar;C:\LocalRepo\org\springframework\boot\spring-boot-starter-tomcat\2.1.5.RELEASE\spring-boot-starter-tomcat-2.1.5.RELEASE.jar;C:\LocalRepo\org\apache\tomcat\embed\tomcat-embed-core\9.0.19\tomcat-embed-core-9.0.19.jar;C:\LocalRepo\org\apache\tomcat\embed\tomcat-embed-el\9.0.19\tomcat-embed-el-9.0.19.jar;C:\LocalRepo\org\apache\tomcat\embed\tomcat-embed-websocket\9.0.19\tomcat-embed-websocket-9.0.19.jar;C:\LocalRepo\org\hibernate\validator\hibernate-validator\6.0.16.Final\hibernate-validator-6.0.16.Final.jar;C:\LocalRepo\javax\validation\validation-api\2.0.1.Final\validation-api-2.0.1.Final.jar;C:\LocalRepo\org\jboss\logging\jboss-logging\3.3.2.Final\jboss-logging-3.3.2.Final.jar;C:\LocalRepo\com\fasterxml\classmate\1.4.0\classmate-1.4.0.jar;C:\LocalRepo\org\springframework\spring-web\5.1.7.RELEASE\spring-web-5.1.7.RELEASE.jar;C:\LocalRepo\org\springframework\spring-beans\5.1.7.RELEASE\spring-beans-5.1.7.RELEASE.jar;C:\LocalRepo\org\springframework\spring-webmvc\5.1.7.RELEASE\spring-webmvc-5.1.7.RELEASE.jar;C:\LocalRepo\org\springframework\spring-aop\5.1.7.RELEASE\spring-aop-5.1.7.RELEASE.jar;C:\LocalRepo\org\springframework\spring-context\5.1.7.RELEASE\spring-context-5.1.7.RELEASE.jar;C:\LocalRepo\org\springframework\spring-expression\5.1.7.RELEASE\spring-expression-5.1.7.RELEASE.jar;C:\LocalRepo\org\springframework\boot\spring-boot-devtools\2.1.5.RELEASE\spring-boot-devtools-2.1.5.RELEASE.jar;C:\LocalRepo\org\springframework\boot\spring-boot\2.1.5.RELEASE\spring-boot-2.1.5.RELEASE.jar;C:\LocalRepo\org\springframework\boot\spring-boot-autoconfigure\2.1.5.RELEASE\spring-boot-autoconfigure-2.1.5.RELEASE.jar;C:\LocalRepo\org\springframework\boot\spring-boot-starter-test\2.1.5.RELEASE\spring-boot-starter-test-2.1.5.RELEASE.jar;C:\LocalRepo\org\springframework\boot\spring-boot-test\2.1.5.RELEASE\spring-boot-test-2.1.5.RELEASE.jar;C:\LocalRepo\org\springframework\boot\spring-boot-test-autoconfigure\2.1.5.RELEASE\spring-boot-test-autoconfigure-2.1.5.RELEASE.jar;C:\LocalRepo\com\jayway\jsonpath\json-path\2.4.0\json-path-2.4.0.jar;C:\LocalRepo\net\minidev\json-smart\2.3\json-smart-2.3.jar;C:\LocalRepo\net\minidev\accessors-smart\1.2\accessors-smart-1.2.jar;C:\LocalRepo\org\ow2\asm\asm\5.0.4\asm-5.0.4.jar;C:\LocalRepo\org\slf4j\slf4j-api\1.7.26\slf4j-api-1.7.26.jar;C:\LocalRepo\junit\junit\4.12\junit-4.12.jar;C:\LocalRepo\org\assertj\assertj-core\3.11.1\assertj-core-3.11.1.jar;C:\LocalRepo\org\mockito\mockito-core\2.23.4\mockito-core-2.23.4.jar;C:\LocalRepo\net\bytebuddy\byte-buddy\1.9.12\byte-buddy-1.9.12.jar;C:\LocalRepo\net\bytebuddy\byte-buddy-agent\1.9.12\byte-buddy-agent-1.9.12.jar;C:\LocalRepo\org\objenesis\objenesis\2.6\objenesis-2.6.jar;C:\LocalRepo\org\hamcrest\hamcrest-core\1.3\hamcrest-core-1.3.jar;C:\LocalRepo\org\hamcrest\hamcrest-library\1.3\hamcrest-library-1.3.jar;C:\LocalRepo\org\skyscreamer\jsonassert\1.5.0\jsonassert-1.5.0.jar;C:\LocalRepo\com\vaadin\external\google\android-json\0.0.20131108.vaadin1\android-json-0.0.20131108.vaadin1.jar;C:\LocalRepo\org\springframework\spring-core\5.1.7.RELEASE\spring-core-5.1.7.RELEASE.jar;C:\LocalRepo\org\springframework\spring-jcl\5.1.7.RELEASE\spring-jcl-5.1.7.RELEASE.jar;C:\LocalRepo\org\springframework\spring-test\5.1.7.RELEASE\spring-test-5.1.7.RELEASE.jar;C:\LocalRepo\org\xmlunit\xmlunit-core\2.6.2\xmlunit-core-2.6.2.jar;"/>
    <property name="sun.cpu.endian" value="little"/>
    <property name="user.home" value="C:\Users\knageswarar2"/>
    <property name="user.language" value="en"/>
    <property name="java.specification.vendor" value="Oracle Corporation"/>
    <property name="java.home" value="C:\Program Files\Java\jdk1.8.0_181\jre"/>
    <property name="basedir" value="C:\Users\knageswarar2\Downloads\nagu\nagu"/>
    <property name="file.separator" value="\"/>
    <property name="line.separator" value="&#10;"/>
    <property name="java.vm.specification.vendor" value="Oracle Corporation"/>
    <property name="java.specification.name" value="Java Platform API Specification"/>
    <property name="java.awt.graphicsenv" value="sun.awt.Win32GraphicsEnvironment"/>
    <property name="surefire.real.class.path" value="C:\Users\knageswarar2\AppData\Local\Temp\surefire7449310130861595917\surefirebooter1843059847585063091.jar"/>
    <property name="sun.boot.class.path" value="C:\Program Files\Java\jdk1.8.0_181\jre\lib\resources.jar;C:\Program Files\Java\jdk1.8.0_181\jre\lib\rt.jar;C:\Program Files\Java\jdk1.8.0_181\jre\lib\sunrsasign.jar;C:\Program Files\Java\jdk1.8.0_181\jre\lib\jsse.jar;C:\Program Files\Java\jdk1.8.0_181\jre\lib\jce.jar;C:\Program Files\Java\jdk1.8.0_181\jre\lib\charsets.jar;C:\Program Files\Java\jdk1.8.0_181\jre\lib\jfr.jar;C:\Program Files\Java\jdk1.8.0_181\jre\classes"/>
    <property name="user.script" value=""/>
    <property name="sun.management.compiler" value="HotSpot 64-Bit Tiered Compilers"/>
    <property name="java.runtime.version" value="1.8.0_181-b13"/>
    <property name="user.name" value="knageswarar2"/>
    <property name="path.separator" value=";"/>
    <property name="os.version" value="10.0"/>
    <property name="java.endorsed.dirs" value="C:\Program Files\Java\jdk1.8.0_181\jre\lib\endorsed"/>
    <property name="java.runtime.name" value="Java(TM) SE Runtime Environment"/>
    <property name="file.encoding" value="Cp1252"/>
    <property name="java.vm.name" value="Java HotSpot(TM) 64-Bit Server VM"/>
    <property name="localRepository" value="C:\LocalRepo"/>
    <property name="java.vendor.url.bug" value="http://bugreport.sun.com/bugreport/"/>
    <property name="java.io.tmpdir" value="C:\Users\knageswarar2\AppData\Local\Temp\"/>
    <property name="java.version" value="1.8.0_181"/>
    <property name="user.dir" value="C:\Users\knageswarar2\Downloads\nagu\nagu"/>
    <property name="os.arch" value="amd64"/>
    <property name="java.vm.specification.name" value="Java Virtual Machine Specification"/>
    <property name="java.awt.printerjob" value="sun.awt.windows.WPrinterJob"/>
    <property name="sun.os.patch.level" value=""/>
    <property name="java.library.path" value="C:\Program Files\Java\jdk1.8.0_181\jre\bin;C:\windows\Sun\Java\bin;C:\windows\system32;C:\windows;C:\Program Files (x86)\RSA SecurID Token Common;C:\Program Files\RSA SecurID Token Common;C:\Program Files\Java\jdk1.8.0_181\bin;C:\WINDOWS\SYSTEM32;C:\Program Files\Microsoft VS Code\bin;C:\Program Files\nodejs\;C:\Softwares\SSMSoftwares\SSM_Developer_Client_setup\apache-maven-3.5.2-bin\apache-maven-3.5.2\bin;C:\Program Files\Cloud Foundry;C:\Program Files\IBM\Cloud\bin;C:\Program Files (x86)\Git\cmd;C:\Program Files (x86)\SSH Communications Security\SSH Secure Shell;C:\Users\knageswarar2\AppData\Roaming\npm;."/>
    <property name="java.vm.info" value="mixed mode"/>
    <property name="java.vendor" value="Oracle Corporation"/>
    <property name="java.vm.version" value="25.181-b13"/>
    <property name="java.ext.dirs" value="C:\Program Files\Java\jdk1.8.0_181\jre\lib\ext;C:\windows\Sun\Java\lib\ext"/>
    <property name="sun.io.unicode.encoding" value="UnicodeLittle"/>
    <property name="java.class.version" value="52.0"/>
  </properties>
  <testcase name="contextLoads" classname="com.nagu.nagu.NaguApplicationTests" time="0.569"/>
</testsuite>